TN:
SF:contracts/VestingContract.sol
DA:52,67
FN:52,VestingContract.constructor
FNDA:67,VestingContract.constructor
DA:53,0
DA:60,33
FN:60,VestingContract.initialize
FNDA:33,VestingContract.initialize
DA:61,0
DA:62,0
DA:64,33
DA:65,33
DA:67,33
DA:68,33
DA:71,38
FN:71,VestingContract.stakeOnBehalfOf
FNDA:38,VestingContract.stakeOnBehalfOf
DA:79,37
BRDA:79,0,0,-
BRDA:79,0,1,-
DA:80,36
BRDA:80,1,0,-
BRDA:80,1,1,-
DA:81,35
BRDA:81,2,0,-
BRDA:81,2,1,-
DA:82,34
BRDA:82,3,0,-
BRDA:82,3,1,-
DA:84,33
BRDA:84,4,0,21
DA:85,21
BRDA:85,5,0,-
BRDA:85,5,1,-
DA:88,32
BRDA:88,6,0,32
BRDA:88,6,1,20
DA:90,31
DA:91,37
BRDA:91,7,0,-
BRDA:91,7,1,-
DA:93,30
DA:94,31
DA:95,31
DA:97,30
DA:98,30
DA:100,30
DA:102,30
BRDA:102,8,0,-
BRDA:102,8,1,-
DA:103,30
DA:104,30
DA:105,30
DA:106,30
DA:107,30
DA:108,30
DA:109,30
DA:111,30
DA:115,26
FN:115,VestingContract.claim
FNDA:26,VestingContract.claim
DA:116,26
DA:117,26
BRDA:117,9,0,-
BRDA:117,9,1,-
DA:118,25
BRDA:118,10,0,-
BRDA:118,10,1,-
DA:120,24
DA:121,24
DA:123,24
BRDA:123,11,0,4
DA:124,4
DA:125,4
DA:126,4
DA:129,24
BRDA:129,12,0,23
DA:130,23
DA:131,22
DA:134,23
BRDA:134,13,0,-
BRDA:134,13,1,-
DA:136,22
DA:140,2
FN:140,VestingContract.withdraw
FNDA:2,VestingContract.withdraw
DA:141,2
DA:142,2
BRDA:142,14,0,-
BRDA:142,14,1,-
DA:144,1
DA:145,2
DA:146,1
BRDA:146,15,0,-
BRDA:146,15,1,-
DA:148,1
DA:152,8
FN:152,VestingContract.cancelVesting
FNDA:8,VestingContract.cancelVesting
DA:153,7
DA:154,7
BRDA:154,16,0,-
BRDA:154,16,1,-
DA:155,7
DA:157,6
DA:159,6
DA:160,7
DA:163,42
FN:163,VestingContract.getReleasableShares
FNDA:42,VestingContract.getReleasableShares
DA:164,42
DA:165,42
BRDA:165,17,0,2
DA:166,2
DA:169,40
DA:170,40
DA:171,40
DA:172,40
DA:176,1
FN:176,VestingContract._authorizeUpgrade
FNDA:1,VestingContract._authorizeUpgrade
FNF:8
FNH:8
LF:72
LH:69
BRF:32
BRH:6
end_of_record
TN:
SF:test/mocks/ERC20Mock.sol
DA:9,33
FN:9,ERC20Mock.constructor
FNDA:33,ERC20Mock.constructor
DA:11,33
FNF:1
FNH:1
LF:2
LH:2
BRF:0
BRH:0
end_of_record
TN:
SF:test/mocks/VestingContractV2.sol
DA:9,2
FN:9,VestingContractV2.newMethod
FNDA:2,VestingContractV2.newMethod
DA:10,2
FNF:1
FNH:1
LF:2
LH:2
BRF:0
BRH:0
end_of_record
