TN:
SF:contracts/VestingContract.sol
DA:46,57
FN:46,VestingContract.constructor
FNDA:57,VestingContract.constructor
DA:47,0
DA:54,28
FN:54,VestingContract.initialize
FNDA:28,VestingContract.initialize
DA:55,0
DA:56,0
DA:58,28
DA:59,28
DA:61,28
DA:62,28
DA:67,100037
FN:67,VestingContract.stakeOnBehalfOf
FNDA:100037,VestingContract.stakeOnBehalfOf
DA:75,100036
BRDA:75,0,0,-
BRDA:75,0,1,-
DA:76,98846
BRDA:76,1,0,-
BRDA:76,1,1,-
DA:77,96767
BRDA:77,2,0,-
BRDA:77,2,1,-
DA:78,48899
BRDA:78,3,0,-
BRDA:78,3,1,-
DA:80,43294
BRDA:80,4,0,42701
DA:81,42701
BRDA:81,5,0,-
BRDA:81,5,1,-
DA:84,1599
BRDA:84,6,0,1599
BRDA:84,6,1,1006
DA:86,1014
DA:87,100036
BRDA:87,7,0,-
BRDA:87,7,1,-
DA:89,1013
DA:90,1014
DA:91,1014
DA:94,1013
DA:95,1013
DA:99,1013
DA:101,1013
BRDA:101,8,0,-
BRDA:101,8,1,-
DA:103,1013
DA:104,1013
DA:105,1013
DA:106,1013
DA:107,1013
DA:108,1013
DA:109,1013
DA:111,1013
DA:116,21
FN:116,VestingContract.claim
FNDA:21,VestingContract.claim
DA:117,21
DA:118,21
BRDA:118,9,0,-
BRDA:118,9,1,-
DA:119,20
BRDA:119,10,0,-
BRDA:119,10,1,-
DA:121,19
DA:122,19
DA:124,19
BRDA:124,11,0,1
DA:125,1
DA:126,1
DA:129,19
BRDA:129,12,0,17
DA:130,17
DA:131,16
DA:134,18
BRDA:134,13,0,-
BRDA:134,13,1,-
DA:136,17
DA:140,6
FN:140,VestingContract.cancelVesting
FNDA:6,VestingContract.cancelVesting
DA:141,5
DA:142,5
BRDA:142,14,0,-
BRDA:142,14,1,-
DA:144,4
DA:145,4
DA:147,4
BRDA:147,15,0,4
BRDA:147,15,1,1
DA:149,4
DA:151,3
DA:153,3
BRDA:153,16,0,3
DA:154,3
DA:155,3
BRDA:155,17,0,-
BRDA:155,17,1,-
DA:158,3
BRDA:158,18,0,2
DA:159,2
BRDA:159,19,0,1
BRDA:159,19,1,-
DA:162,2
DA:165,35
FN:165,VestingContract.getReleasableShares
FNDA:35,VestingContract.getReleasableShares
DA:166,35
DA:167,35
BRDA:167,20,0,2
DA:168,2
DA:171,33
DA:172,33
DA:173,33
DA:174,33
DA:178,1
FN:178,VestingContract._authorizeUpgrade
FNDA:1,VestingContract._authorizeUpgrade
FNF:7
FNH:7
LF:71
LH:68
BRF:36
BRH:11
end_of_record
TN:
SF:test/mocks/ERC20Mock.sol
DA:9,28
FN:9,ERC20Mock.constructor
FNDA:28,ERC20Mock.constructor
DA:11,28
FNF:1
FNH:1
LF:2
LH:2
BRF:0
BRH:0
end_of_record
TN:
SF:test/mocks/VestingContractV2.sol
DA:9,2
FN:9,VestingContractV2.newMethod
FNDA:2,VestingContractV2.newMethod
DA:10,2
FNF:1
FNH:1
LF:2
LH:2
BRF:0
BRH:0
end_of_record
